d:\vc6_c++_practice\project\project1\project1\debug\vc141.pdb
d:\vc6_c++_practice\project\project1\project1\debug\vc141.idb
d:\vc6_c++_practice\project\project1\project1\debug\write_to_csv.obj
d:\vc6_c++_practice\project\project1\project1\debug\user_data.obj
d:\vc6_c++_practice\project\project1\project1\debug\trainingset.obj
d:\vc6_c++_practice\project\project1\project1\debug\csvdatafilereading.obj
d:\vc6_c++_practice\project\project1\project1\debug\reading_datafile.obj
d:\vc6_c++_practice\project\project1\project1\debug\project1.obj
d:\vc6_c++_practice\project\project1\project1\debug\non_dimensionalize.obj
d:\vc6_c++_practice\project\project1\project1\debug\mathematics.obj
d:\vc6_c++_practice\project\project1\project1\debug\implement_ou1_file.obj
d:\vc6_c++_practice\project\project1\project1\debug\implement_cluster.obj
d:\vc6_c++_practice\project\project1\project1\debug\dimensional_reduction.obj
d:\vc6_c++_practice\project\project1\project1\debug\clustering.obj
d:\vc6_c++_practice\project\project1\debug\project1.exe
d:\vc6_c++_practice\project\project1\debug\project1.ilk
d:\vc6_c++_practice\project\project1\debug\project1.pdb
d:\vc6_c++_practice\project\project1\project1\debug\project1.tlog\cl.command.1.tlog
d:\vc6_c++_practice\project\project1\project1\debug\project1.tlog\cl.read.1.tlog
d:\vc6_c++_practice\project\project1\project1\debug\project1.tlog\cl.write.1.tlog
d:\vc6_c++_practice\project\project1\project1\debug\project1.tlog\link.command.1.tlog
d:\vc6_c++_practice\project\project1\project1\debug\project1.tlog\link.read.1.tlog
d:\vc6_c++_practice\project\project1\project1\debug\project1.tlog\link.write.1.tlog
